<?xml version="1.0" encoding="UTF-8"?>
<!-- Generated by org.testng.reporters.JUnitReportReporter -->
<testsuite hostname="DESKTOP-M9BF9G6" name="Tests.SearchForValidAddressTC" tests="1" failures="0" timestamp="6 Jan 2022 15:40:42 GMT" time="9.630" errors="0">
  <testcase name="ValidatingAdressField" time="9.630" classname="Tests.SearchForValidAddressTC"/>
</testsuite> <!-- Tests.SearchForValidAddressTC -->
