<?xml version="1.0" encoding="UTF-8"?>
<!-- Generated by org.testng.reporters.JUnitReportReporter -->
<testsuite hostname="DESKTOP-M9BF9G6" name="Tests.RidersFirstPageValidation" tests="1" failures="0" timestamp="6 Jan 2022 14:16:50 GMT" time="7.952" errors="0">
  <testcase name="RidersDataValidation" time="7.952" classname="Tests.RidersFirstPageValidation"/>
</testsuite> <!-- Tests.RidersFirstPageValidation -->
