<?xml version="1.0" encoding="UTF-8"?>
<!-- Generated by org.testng.reporters.JUnitReportReporter -->
<testsuite hostname="DESKTOP-M9BF9G6" name="Tests.CheckingValidationTestCase" tests="1" failures="0" timestamp="19 Dec 2021 01:33:24 GMT" time="1.377" errors="0">
  <testcase name="CheckingValidation" time="1.377" classname="Tests.CheckingValidationTestCase"/>
</testsuite> <!-- Tests.CheckingValidationTestCase -->
