<?xml version="1.0" encoding="UTF-8"?>
<!-- Generated by org.testng.reporters.JUnitReportReporter -->
<testsuite hostname="DESKTOP-M9BF9G6" name="Tests.SearchWithInvalidAddress" tests="1" failures="0" timestamp="6 Jan 2022 13:35:19 GMT" time="4.911" errors="0">
  <testcase name="CheckingSearchFieldValidaion" time="4.911" classname="Tests.SearchWithInvalidAddress"/>
</testsuite> <!-- Tests.SearchWithInvalidAddress -->
