<?xml version="1.0" encoding="UTF-8"?>
<!-- Generated by org.testng.reporters.JUnitReportReporter -->
<testsuite hostname="DESKTOP-M9BF9G6" name="Tests.LoginTestCaseWithDataDriven" tests="3" failures="0" timestamp="19 Dec 2021 01:35:04 GMT" time="20.684" errors="0">
  <testcase name="Login" time="10.148" classname="Tests.LoginTestCaseWithDataDriven"/>
  <testcase name="Login" time="6.000" classname="Tests.LoginTestCaseWithDataDriven"/>
  <testcase name="Login" time="4.536" classname="Tests.LoginTestCaseWithDataDriven"/>
</testsuite> <!-- Tests.LoginTestCaseWithDataDriven -->
