<?xml version="1.0" encoding="UTF-8"?>
<!-- Generated by org.testng.reporters.JUnitReportReporter -->
<testsuite hostname="DESKTOP-M9BF9G6" name="Tests.RidersButtonValidationTC" tests="1" failures="0" timestamp="6 Jan 2022 15:40:14 GMT" time="10.710" errors="0">
  <testcase name="RidersButtonValidation" time="10.710" classname="Tests.RidersButtonValidationTC"/>
</testsuite> <!-- Tests.RidersButtonValidationTC -->
