<?xml version="1.0" encoding="UTF-8"?>
<!-- Generated by org.testng.reporters.JUnitReportReporter -->
<testsuite hostname="DESKTOP-M9BF9G6" name="Tests.SearchWithInvalidAddressFieldValidation" tests="1" failures="0" timestamp="6 Jan 2022 15:41:07 GMT" time="4.096" errors="0">
  <testcase name="CheckingSearchFieldValidaion" time="4.096" classname="Tests.SearchWithInvalidAddressFieldValidation"/>
</testsuite> <!-- Tests.SearchWithInvalidAddressFieldValidation -->
