<?xml version="1.0" encoding="UTF-8"?>
<!-- Generated by org.testng.reporters.JUnitReportReporter -->
<testsuite hostname="DESKTOP-M9BF9G6" name="Tests.RidersButtonVisibility" tests="1" failures="0" timestamp="6 Jan 2022 15:34:13 GMT" time="13.887" errors="0">
  <testcase name="RidersButtonValidation" time="13.887" classname="Tests.RidersButtonVisibility"/>
</testsuite> <!-- Tests.RidersButtonVisibility -->
