<?xml version="1.0" encoding="UTF-8"?>
<!-- Generated by org.testng.reporters.JUnitReportReporter -->
<testsuite hostname="DESKTOP-M9BF9G6" name="Tests.SearchForAddressTC" tests="1" failures="0" timestamp="6 Jan 2022 13:15:07 GMT" time="10.677" errors="0">
  <testcase name="ValidatingAdressField" time="10.677" classname="Tests.SearchForAddressTC"/>
</testsuite> <!-- Tests.SearchForAddressTC -->
