<?xml version="1.0" encoding="UTF-8"?>
<!-- Generated by org.testng.reporters.JUnitReportReporter -->
<testsuite hostname="DESKTOP-M9BF9G6" name="Tests.LoginTestCase" tests="1" failures="0" timestamp="6 Jan 2022 11:46:58 GMT" time="10.374" errors="0">
  <testcase name="ValidatingAdressField" time="10.374" classname="Tests.LoginTestCase"/>
</testsuite> <!-- Tests.LoginTestCase -->
