<?xml version="1.0" encoding="UTF-8"?>
<!-- Generated by org.testng.reporters.JUnitReportReporter -->
<testsuite hostname="DESKTOP-M9BF9G6" name="Tests.ConfirmAddressPopUpCheck" tests="1" failures="0" timestamp="6 Jan 2022 15:39:15 GMT" time="3.617" errors="0">
  <testcase name="CheckingSearchFieldValidaion" time="3.617" classname="Tests.ConfirmAddressPopUpCheck"/>
</testsuite> <!-- Tests.ConfirmAddressPopUpCheck -->
