<?xml version="1.0" encoding="UTF-8"?>
<!-- Generated by org.testng.reporters.JUnitReportReporter -->
<testsuite hostname="DESKTOP-M9BF9G6" name="Tests.ChangeLangaugeTC" tests="1" failures="0" timestamp="6 Jan 2022 15:39:40 GMT" time="9.478" errors="0">
  <testcase name="ChangeLanguageSuccessfully" time="9.478" classname="Tests.ChangeLangaugeTC"/>
</testsuite> <!-- Tests.ChangeLangaugeTC -->
